Started GET "/" for ::1 at 2019-06-03 09:33:38 +0200
  [1m[35m (7.8ms)[0m  [1m[34mSELECT "schema_migrations"."version" FROM "schema_migrations" ORDER BY "schema_migrations"."version" ASC[0m
  ↳ /Users/monicaalonsoponce/.rbenv/versions/2.5.3/lib/ruby/gems/2.5.0/gems/activerecord-5.2.3/lib/active_record/log_subscriber.rb:98
Processing by PagesController#home as HTML
  Rendering pages/home.html.erb within layouts/application
  Rendered pages/home.html.erb within layouts/application (112.1ms)
Started GET "/" for ::1 at 2019-06-03 09:33:43 +0200
Processing by PagesController#home as HTML
  Rendering pages/home.html.erb within layouts/application
  Rendered pages/home.html.erb within layouts/application (2.6ms)
Started GET "/" for ::1 at 2019-06-03 09:33:51 +0200
Processing by PagesController#home as HTML
  Rendering pages/home.html.erb within layouts/application
  Rendered pages/home.html.erb within layouts/application (2.1ms)
  Rendered shared/_navbar_bh.html.erb (4.4ms)
  Rendered shared/_flashes.html.erb (0.5ms)
  Rendered shared/_footer.html.erb (0.2ms)
[Webpacker] Compiling…
  Rendered shared/_navbar_bh.html.erb (1.4ms)
  Rendered shared/_flashes.html.erb (0.4ms)
  Rendered shared/_footer.html.erb (0.4ms)
[Webpacker] Compiling…
  Rendered shared/_navbar_bh.html.erb (1.7ms)
  Rendered shared/_flashes.html.erb (0.6ms)
  Rendered shared/_footer.html.erb (0.3ms)
[Webpacker] Compiling…
[Webpacker] Compilation failed:

WARNING: We noticed you're using the `useBuiltIns` option without declaring a core-js version. Currently, we assume version 2.x when no version is passed. Since this default version will likely change in future versions of Babel, we recommend explicitly setting the core-js version you are using via the `corejs` option.

You should also be sure that the version you pass to the `corejs` option matches the version specified in your `package.json`'s `dependencies` section. If it doesn't, you need to run one of the following commands:

  npm install --save core-js@2    npm install --save core-js@3
  yarn add core-js@2              yarn add core-js@3


Hash: 2b46121ffe6f28f507d1
Version: webpack 4.32.2
Time: 2048ms
Built at: 06/03/2019 9:34:00 AM
                                     Asset       Size       Chunks             Chunk Names
    js/application-0e825ce6faa3c449f683.js    495 KiB  application  [emitted]  application
js/application-0e825ce6faa3c449f683.js.map    622 KiB  application  [emitted]  application
                             manifest.json  364 bytes               [emitted]  
Entrypoint application = js/application-0e825ce6faa3c449f683.js js/application-0e825ce6faa3c449f683.js.map
[./app/javascript/packs/application.js] 19 bytes {application} [built]
[./node_modules/webpack/buildin/global.js] (webpack)/buildin/global.js 472 bytes {application} [built]
    + 3 hidden modules

Completed 200 OK in 22214ms (Views: 22205.6ms | ActiveRecord: 0.0ms)


[Webpacker] Compiled all packs in /Users/monicaalonsoponce/code/edgr/backhand/public/packs
Completed 200 OK in 17125ms (Views: 17116.7ms | ActiveRecord: 0.0ms)


[Webpacker] Compiled all packs in /Users/monicaalonsoponce/code/edgr/backhand/public/packs
Completed 200 OK in 9327ms (Views: 9320.0ms | ActiveRecord: 0.0ms)


Started GET "/css-circular-prog-bar.css" for ::1 at 2019-06-03 09:34:01 +0200
  
ActionController::RoutingError (No route matches [GET] "/css-circular-prog-bar.css"):
  
actionpack (5.2.3) lib/action_dispatch/middleware/debug_exceptions.rb:65:in `call'
web-console (3.7.0) lib/web_console/middleware.rb:135:in `call_app'
web-console (3.7.0) lib/web_console/middleware.rb:30:in `block in call'
web-console (3.7.0) lib/web_console/middleware.rb:20:in `catch'
web-console (3.7.0) lib/web_console/middleware.rb:20:in `call'
actionpack (5.2.3) lib/action_dispatch/middleware/show_exceptions.rb:33:in `call'
railties (5.2.3) lib/rails/rack/logger.rb:38:in `call_app'
railties (5.2.3) lib/rails/rack/logger.rb:26:in `block in call'
activesupport (5.2.3) lib/active_support/tagged_logging.rb:71:in `block in tagged'
activesupport (5.2.3) lib/active_support/tagged_logging.rb:28:in `tagged'
activesupport (5.2.3) lib/active_support/tagged_logging.rb:71:in `tagged'
railties (5.2.3) lib/rails/rack/logger.rb:26:in `call'
sprockets-rails (3.2.1) lib/sprockets/rails/quiet_assets.rb:13:in `call'
actionpack (5.2.3) lib/action_dispatch/middleware/remote_ip.rb:81:in `call'
actionpack (5.2.3) lib/action_dispatch/middleware/request_id.rb:27:in `call'
rack (2.0.7) lib/rack/method_override.rb:22:in `call'
rack (2.0.7) lib/rack/runtime.rb:22:in `call'
activesupport (5.2.3) lib/active_support/cache/strategy/local_cache_middleware.rb:29:in `call'
actionpack (5.2.3) lib/action_dispatch/middleware/executor.rb:14:in `call'
actionpack (5.2.3) lib/action_dispatch/middleware/static.rb:127:in `call'
rack (2.0.7) lib/rack/sendfile.rb:111:in `call'
webpacker (4.0.2) lib/webpacker/dev_server_proxy.rb:29:in `perform_request'
rack-proxy (0.6.5) lib/rack/proxy.rb:57:in `call'
railties (5.2.3) lib/rails/engine.rb:524:in `call'
puma (3.12.1) lib/puma/configuration.rb:227:in `call'
puma (3.12.1) lib/puma/server.rb:660:in `handle_request'
puma (3.12.1) lib/puma/server.rb:474:in `process_client'
puma (3.12.1) lib/puma/server.rb:334:in `block in run'
puma (3.12.1) lib/puma/thread_pool.rb:135:in `block in spawn_thread'
Started GET "/" for ::1 at 2019-06-03 09:34:28 +0200
Processing by PagesController#home as HTML
  Rendering pages/home.html.erb within layouts/application
  Rendered pages/home.html.erb within layouts/application (3.2ms)
  Rendered shared/_navbar_bh.html.erb (3.4ms)
  Rendered shared/_flashes.html.erb (1.8ms)
  Rendered shared/_footer.html.erb (0.9ms)
Completed 200 OK in 209ms (Views: 195.9ms | ActiveRecord: 0.0ms)


Started GET "/css-circular-prog-bar.css" for ::1 at 2019-06-03 09:34:28 +0200
  
ActionController::RoutingError (No route matches [GET] "/css-circular-prog-bar.css"):
  
actionpack (5.2.3) lib/action_dispatch/middleware/debug_exceptions.rb:65:in `call'
web-console (3.7.0) lib/web_console/middleware.rb:135:in `call_app'
web-console (3.7.0) lib/web_console/middleware.rb:30:in `block in call'
web-console (3.7.0) lib/web_console/middleware.rb:20:in `catch'
web-console (3.7.0) lib/web_console/middleware.rb:20:in `call'
actionpack (5.2.3) lib/action_dispatch/middleware/show_exceptions.rb:33:in `call'
railties (5.2.3) lib/rails/rack/logger.rb:38:in `call_app'
railties (5.2.3) lib/rails/rack/logger.rb:26:in `block in call'
activesupport (5.2.3) lib/active_support/tagged_logging.rb:71:in `block in tagged'
activesupport (5.2.3) lib/active_support/tagged_logging.rb:28:in `tagged'
activesupport (5.2.3) lib/active_support/tagged_logging.rb:71:in `tagged'
railties (5.2.3) lib/rails/rack/logger.rb:26:in `call'
sprockets-rails (3.2.1) lib/sprockets/rails/quiet_assets.rb:13:in `call'
actionpack (5.2.3) lib/action_dispatch/middleware/remote_ip.rb:81:in `call'
actionpack (5.2.3) lib/action_dispatch/middleware/request_id.rb:27:in `call'
rack (2.0.7) lib/rack/method_override.rb:22:in `call'
rack (2.0.7) lib/rack/runtime.rb:22:in `call'
activesupport (5.2.3) lib/active_support/cache/strategy/local_cache_middleware.rb:29:in `call'
actionpack (5.2.3) lib/action_dispatch/middleware/executor.rb:14:in `call'
actionpack (5.2.3) lib/action_dispatch/middleware/static.rb:127:in `call'
rack (2.0.7) lib/rack/sendfile.rb:111:in `call'
webpacker (4.0.2) lib/webpacker/dev_server_proxy.rb:29:in `perform_request'
rack-proxy (0.6.5) lib/rack/proxy.rb:57:in `call'
railties (5.2.3) lib/rails/engine.rb:524:in `call'
puma (3.12.1) lib/puma/configuration.rb:227:in `call'
puma (3.12.1) lib/puma/server.rb:660:in `handle_request'
puma (3.12.1) lib/puma/server.rb:474:in `process_client'
puma (3.12.1) lib/puma/server.rb:334:in `block in run'
puma (3.12.1) lib/puma/thread_pool.rb:135:in `block in spawn_thread'
Started GET "/users" for ::1 at 2019-06-03 09:34:55 +0200
Processing by UsersController#index as HTML
  Rendering users/index.html.erb within layouts/application
  [1m[36mUser Load (22.4ms)[0m  [1m[34mSELECT "users".* FROM "users"[0m
  ↳ app/views/users/index.html.erb:46
  Rendered users/index.html.erb within layouts/application (5247.1ms)
Completed 500 Internal Server Error in 5286ms (ActiveRecord: 64.8ms)


  
ActionView::Template::Error (Must supply cloud_name in tag or in configuration):
    50:             <div class="player-card">
    51: 
    52:               <div class="pic">
    53:                 <%= cl_image_tag user.picture, class:"img" %>
    54:                 <div class="ranking">
    55:                   <span>WR</span>
    56:                   <div class="rank"> #<%= user.ranking %></div>
  
app/views/users/index.html.erb:53:in `block (2 levels) in _app_views_users_index_html_erb___2949403644503789812_70296583516920'
app/views/users/index.html.erb:47:in `block in _app_views_users_index_html_erb___2949403644503789812_70296583516920'
app/views/users/index.html.erb:46:in `_app_views_users_index_html_erb___2949403644503789812_70296583516920'
  [1m[35m (1.5ms)[0m  [1m[34mSELECT pg_try_advisory_lock(2220887829087922155)[0m
  ↳ bin/rails:9
  [1m[35m (0.9ms)[0m  [1m[34mSELECT "schema_migrations"."version" FROM "schema_migrations" ORDER BY "schema_migrations"."version" ASC[0m
  ↳ bin/rails:9
  [1m[36mActiveRecord::InternalMetadata Load (5.2ms)[0m  [1m[34mSELECT  "ar_internal_metadata".* FROM "ar_internal_metadata" WHERE "ar_internal_metadata"."key" = $1 LIMIT $2[0m  [["key", "environment"], ["LIMIT", 1]]
  ↳ bin/rails:9
  [1m[35m (12.1ms)[0m  [1m[35mBEGIN[0m
  ↳ bin/rails:9
  [1m[35m (0.4ms)[0m  [1m[35mCOMMIT[0m
  ↳ bin/rails:9
  [1m[35m (0.5ms)[0m  [1m[34mSELECT pg_advisory_unlock(2220887829087922155)[0m
  ↳ bin/rails:9
  [1m[35m (0.5ms)[0m  [1m[34mSELECT "schema_migrations"."version" FROM "schema_migrations" ORDER BY "schema_migrations"."version" ASC[0m
  ↳ bin/rails:9
  [1m[35m (1.3ms)[0m  [1m[34mSELECT "schema_migrations"."version" FROM "schema_migrations" ORDER BY "schema_migrations"."version" ASC[0m
  ↳ bin/rails:9
  [1m[36mUser Load (1.4ms)[0m  [1m[34mSELECT "users".* FROM "users"[0m
  ↳ db/seeds.rb:10
  [1m[35m (4.6ms)[0m  [1m[35mBEGIN[0m
  ↳ db/seeds.rb:10
  [1m[36mUserReview Load (5.3ms)[0m  [1m[34mSELECT "user_reviews".* FROM "user_reviews" WHERE "user_reviews"."sender_id" = $1[0m  [["sender_id", 48]]
  ↳ db/seeds.rb:10
  [1m[36mUserReview Load (1.2ms)[0m  [1m[34mSELECT "user_reviews".* FROM "user_reviews" WHERE "user_reviews"."receiver_id" = $1[0m  [["receiver_id", 48]]
  ↳ db/seeds.rb:10
  [1m[36mChallenge Load (3.6ms)[0m  [1m[34mSELECT "challenges".* FROM "challenges" WHERE "challenges"."challenger_id" = $1[0m  [["challenger_id", 48]]
  ↳ db/seeds.rb:10
  [1m[36mChallenge Load (1.0ms)[0m  [1m[34mSELECT "challenges".* FROM "challenges" WHERE "challenges"."challengee_id" = $1[0m  [["challengee_id", 48]]
  ↳ db/seeds.rb:10
  [1m[36mComputedSkillsSet Load (3.3ms)[0m  [1m[34mSELECT  "computed_skills_sets".* FROM "computed_skills_sets" WHERE "computed_skills_sets"."user_id" = $1 LIMIT $2[0m  [["user_id", 48], ["LIMIT", 1]]
  ↳ db/seeds.rb:10
  [1m[36mComputedSkillsSet Destroy (21.0ms)[0m  [1m[31mDELETE FROM "computed_skills_sets" WHERE "computed_skills_sets"."id" = $1[0m  [["id", 37]]
  ↳ db/seeds.rb:10
  [1m[36mUser Destroy (12.2ms)[0m  [1m[31mDELETE FROM "users" WHERE "users"."id" = $1[0m  [["id", 48]]
  ↳ db/seeds.rb:10
  [1m[35m (0.7ms)[0m  [1m[35mCOMMIT[0m
  ↳ db/seeds.rb:10
Started GET "/users" for ::1 at 2019-06-03 09:35:54 +0200
  [1m[35m (0.8ms)[0m  [1m[34mSELECT "schema_migrations"."version" FROM "schema_migrations" ORDER BY "schema_migrations"."version" ASC[0m
  ↳ /Users/monicaalonsoponce/.rbenv/versions/2.5.3/lib/ruby/gems/2.5.0/gems/activerecord-5.2.3/lib/active_record/log_subscriber.rb:98
Processing by UsersController#index as HTML
  Rendering users/index.html.erb within layouts/application
  [1m[36mUser Load (1.8ms)[0m  [1m[34mSELECT "users".* FROM "users"[0m
  ↳ app/views/users/index.html.erb:46
  Rendered users/index.html.erb within layouts/application (416.0ms)
Completed 500 Internal Server Error in 430ms (ActiveRecord: 9.8ms)


  
ActionView::Template::Error (Must supply cloud_name in tag or in configuration):
    50:             <div class="player-card">
    51: 
    52:               <div class="pic">
    53:                 <%= cl_image_tag user.picture, class:"img" %>
    54:                 <div class="ranking">
    55:                   <span>WR</span>
    56:                   <div class="rank"> #<%= user.ranking %></div>
  
app/views/users/index.html.erb:53:in `block (2 levels) in _app_views_users_index_html_erb___3529024941515612630_70173908068580'
app/views/users/index.html.erb:47:in `block in _app_views_users_index_html_erb___3529024941515612630_70173908068580'
app/views/users/index.html.erb:46:in `_app_views_users_index_html_erb___3529024941515612630_70173908068580'
Started GET "/users" for ::1 at 2019-06-03 09:36:22 +0200
Processing by UsersController#index as HTML
  Rendering users/index.html.erb within layouts/application
  [1m[36mUser Load (0.9ms)[0m  [1m[34mSELECT "users".* FROM "users"[0m
  ↳ app/views/users/index.html.erb:46
  Rendered users/index.html.erb within layouts/application (26.9ms)
Completed 500 Internal Server Error in 42ms (ActiveRecord: 0.9ms)


  
ActionView::Template::Error (Must supply cloud_name in tag or in configuration):
    50:             <div class="player-card">
    51: 
    52:               <div class="pic">
    53:                 <%= cl_image_tag user.picture, class:"img" %>
    54:                 <div class="ranking">
    55:                   <span>WR</span>
    56:                   <div class="rank"> #<%= user.ranking %></div>
  
app/views/users/index.html.erb:53:in `block (2 levels) in _app_views_users_index_html_erb___3529024941515612630_70173958259760'
app/views/users/index.html.erb:47:in `block in _app_views_users_index_html_erb___3529024941515612630_70173958259760'
app/views/users/index.html.erb:46:in `_app_views_users_index_html_erb___3529024941515612630_70173958259760'
Started GET "/users" for ::1 at 2019-06-03 09:37:50 +0200
  [1m[35m (1.3ms)[0m  [1m[34mSELECT "schema_migrations"."version" FROM "schema_migrations" ORDER BY "schema_migrations"."version" ASC[0m
  ↳ /Users/monicaalonsoponce/.rbenv/versions/2.5.3/lib/ruby/gems/2.5.0/gems/activerecord-5.2.3/lib/active_record/log_subscriber.rb:98
Processing by UsersController#index as HTML
  Rendering users/index.html.erb within layouts/application
  [1m[36mUser Load (1.0ms)[0m  [1m[34mSELECT "users".* FROM "users"[0m
  ↳ app/views/users/index.html.erb:46
  Rendered users/index.html.erb within layouts/application (477.9ms)
Completed 500 Internal Server Error in 498ms (ActiveRecord: 5.5ms)


  
ActionView::Template::Error (Must supply cloud_name in tag or in configuration):
    50:             <div class="player-card">
    51: 
    52:               <div class="pic">
    53:                 <%= cl_image_tag user.try(:picture), class:"img" %>
    54:                 <div class="ranking">
    55:                   <span>WR</span>
    56:                   <div class="rank"> #<%= user.ranking %></div>
  
app/views/users/index.html.erb:53:in `block (2 levels) in _app_views_users_index_html_erb__3577803383503544228_70287463915200'
app/views/users/index.html.erb:47:in `block in _app_views_users_index_html_erb__3577803383503544228_70287463915200'
app/views/users/index.html.erb:46:in `_app_views_users_index_html_erb__3577803383503544228_70287463915200'
  [1m[35m (0.8ms)[0m  [1m[34mSELECT "schema_migrations"."version" FROM "schema_migrations" ORDER BY "schema_migrations"."version" ASC[0m
  ↳ bin/rails:9
  [1m[35m (0.4ms)[0m  [1m[34mSELECT "ar_internal_metadata"."value" FROM "ar_internal_metadata" WHERE "ar_internal_metadata"."key" = $1[0m  [["key", "environment"]]
  ↳ bin/rails:9
  [1m[35m (0.2ms)[0m  [1m[34mSELECT "schema_migrations"."version" FROM "schema_migrations" ORDER BY "schema_migrations"."version" ASC[0m
  ↳ bin/rails:9
  [1m[35m (0.2ms)[0m  [1m[34mSELECT "ar_internal_metadata"."value" FROM "ar_internal_metadata" WHERE "ar_internal_metadata"."key" = $1[0m  [["key", "environment"]]
  ↳ bin/rails:9
  [1m[35m (0.2ms)[0m  [1m[34mSELECT "schema_migrations"."version" FROM "schema_migrations" ORDER BY "schema_migrations"."version" ASC[0m
  ↳ bin/rails:9
  [1m[35m (0.2ms)[0m  [1m[34mSELECT "ar_internal_metadata"."value" FROM "ar_internal_metadata" WHERE "ar_internal_metadata"."key" = $1[0m  [["key", "environment"]]
  ↳ bin/rails:9
  [1m[35m (254.3ms)[0m  [1m[35mDROP DATABASE IF EXISTS "backhand_development"[0m
  ↳ bin/rails:9
  [1m[35m (213.6ms)[0m  [1m[35mDROP DATABASE IF EXISTS "backhand_test"[0m
  ↳ bin/rails:9
  [1m[35m (556.4ms)[0m  [1m[35mCREATE DATABASE "backhand_development" ENCODING = 'unicode'[0m
  ↳ bin/rails:9
  [1m[35m (398.3ms)[0m  [1m[35mCREATE DATABASE "backhand_test" ENCODING = 'unicode'[0m
  ↳ bin/rails:9
  [1m[35m (18.3ms)[0m  [1m[35mCREATE TABLE "schema_migrations" ("version" character varying NOT NULL PRIMARY KEY)[0m
  ↳ bin/rails:9
  [1m[35m (3.6ms)[0m  [1m[35mCREATE TABLE "ar_internal_metadata" ("key" character varying NOT NULL PRIMARY KEY, "value" character varying, "created_at" timestamp NOT NULL, "updated_at" timestamp NOT NULL)[0m
  ↳ bin/rails:9
  [1m[35m (0.5ms)[0m  [1m[34mSELECT pg_try_advisory_lock(2220887829087922155)[0m
  ↳ bin/rails:9
  [1m[35m (0.5ms)[0m  [1m[34mSELECT "schema_migrations"."version" FROM "schema_migrations" ORDER BY "schema_migrations"."version" ASC[0m
  ↳ bin/rails:9
Migrating to DeviseCreateUsers (20190527155548)
  [1m[35m (0.3ms)[0m  [1m[35mBEGIN[0m
  ↳ bin/rails:9
  [1m[35m (11.3ms)[0m  [1m[35mCREATE TABLE "users" ("id" bigserial primary key, "email" character varying DEFAULT '' NOT NULL, "encrypted_password" character varying DEFAULT '' NOT NULL, "reset_password_token" character varying, "reset_password_sent_at" timestamp, "remember_created_at" timestamp, "created_at" timestamp NOT NULL, "updated_at" timestamp NOT NULL)[0m
  ↳ db/migrate/20190527155548_devise_create_users.rb:5
  [1m[35m (3.2ms)[0m  [1m[35mCREATE UNIQUE INDEX  "index_users_on_email" ON "users"  ("email")[0m
  ↳ db/migrate/20190527155548_devise_create_users.rb:39
  [1m[35m (1.4ms)[0m  [1m[35mCREATE UNIQUE INDEX  "index_users_on_reset_password_token" ON "users"  ("reset_password_token")[0m
  ↳ db/migrate/20190527155548_devise_create_users.rb:40
  [1m[36mActiveRecord::SchemaMigration Create (2.0ms)[0m  [1m[32mINSERT INTO "schema_migrations" ("version") VALUES ($1) RETURNING "version"[0m  [["version", "20190527155548"]]
  ↳ bin/rails:9
  [1m[35m (4.1ms)[0m  [1m[35mCOMMIT[0m
  ↳ bin/rails:9
Migrating to AddDetailsToUsers (20190528090603)
  [1m[35m (0.4ms)[0m  [1m[35mBEGIN[0m
  ↳ bin/rails:9
  [1m[35m (3.9ms)[0m  [1m[35mALTER TABLE "users" ADD "first_name" character varying[0m
  ↳ db/migrate/20190528090603_add_details_to_users.rb:3
  [1m[35m (0.3ms)[0m  [1m[35mALTER TABLE "users" ADD "last_name" character varying[0m
  ↳ db/migrate/20190528090603_add_details_to_users.rb:4
  [1m[35m (0.3ms)[0m  [1m[35mALTER TABLE "users" ADD "phone_number" character varying[0m
  ↳ db/migrate/20190528090603_add_details_to_users.rb:5
  [1m[35m (0.3ms)[0m  [1m[35mALTER TABLE "users" ADD "level" character varying[0m
  ↳ db/migrate/20190528090603_add_details_to_users.rb:6
  [1m[35m (0.3ms)[0m  [1m[35mALTER TABLE "users" ADD "bio" text[0m
  ↳ db/migrate/20190528090603_add_details_to_users.rb:7
  [1m[35m (0.4ms)[0m  [1m[35mALTER TABLE "users" ADD "address" character varying[0m
  ↳ db/migrate/20190528090603_add_details_to_users.rb:8
  [1m[35m (0.4ms)[0m  [1m[35mALTER TABLE "users" ADD "place_of_birth" character varying[0m
  ↳ db/migrate/20190528090603_add_details_to_users.rb:9
  [1m[35m (0.5ms)[0m  [1m[35mALTER TABLE "users" ADD "user_name" character varying[0m
  ↳ db/migrate/20190528090603_add_details_to_users.rb:10
  [1m[35m (0.4ms)[0m  [1m[35mALTER TABLE "users" ADD "style_of_play" character varying[0m
  ↳ db/migrate/20190528090603_add_details_to_users.rb:11
  [1m[35m (0.4ms)[0m  [1m[35mALTER TABLE "users" ADD "gender" character varying[0m
  ↳ db/migrate/20190528090603_add_details_to_users.rb:12
  [1m[35m (1.2ms)[0m  [1m[35mALTER TABLE "users" ADD "nationality" character varying[0m
  ↳ db/migrate/20190528090603_add_details_to_users.rb:13
  [1m[35m (0.4ms)[0m  [1m[35mALTER TABLE "users" ADD "picture" character varying[0m
  ↳ db/migrate/20190528090603_add_details_to_users.rb:14
  [1m[35m (0.8ms)[0m  [1m[35mALTER TABLE "users" ADD "ranking" integer[0m
  ↳ db/migrate/20190528090603_add_details_to_users.rb:15
  [1m[35m (0.5ms)[0m  [1m[35mALTER TABLE "users" ADD "height" integer[0m
  ↳ db/migrate/20190528090603_add_details_to_users.rb:16
  [1m[35m (0.6ms)[0m  [1m[35mALTER TABLE "users" ADD "weight" integer[0m
  ↳ db/migrate/20190528090603_add_details_to_users.rb:17
  [1m[35m (0.4ms)[0m  [1m[35mALTER TABLE "users" ADD "latitude" integer[0m
  ↳ db/migrate/20190528090603_add_details_to_users.rb:18
  [1m[35m (0.4ms)[0m  [1m[35mALTER TABLE "users" ADD "longitude" integer[0m
  ↳ db/migrate/20190528090603_add_details_to_users.rb:19
  [1m[35m (0.4ms)[0m  [1m[35mALTER TABLE "users" ADD "birthday" date[0m
  ↳ db/migrate/20190528090603_add_details_to_users.rb:20
  [1m[35m (0.4ms)[0m  [1m[35mALTER TABLE "users" ADD "points" float[0m
  ↳ db/migrate/20190528090603_add_details_to_users.rb:21
  [1m[35m (0.4ms)[0m  [1m[35mALTER TABLE "users" ADD "handedness" character varying[0m
  ↳ db/migrate/20190528090603_add_details_to_users.rb:22
  [1m[35m (0.4ms)[0m  [1m[35mALTER TABLE "users" ADD "backhand_style" character varying[0m
  ↳ db/migrate/20190528090603_add_details_to_users.rb:23
  [1m[36mActiveRecord::SchemaMigration Create (0.4ms)[0m  [1m[32mINSERT INTO "schema_migrations" ("version") VALUES ($1) RETURNING "version"[0m  [["version", "20190528090603"]]
  ↳ bin/rails:9
  [1m[35m (0.5ms)[0m  [1m[35mCOMMIT[0m
  ↳ bin/rails:9
Migrating to CreateChallenges (20190528094354)
  [1m[35m (0.2ms)[0m  [1m[35mBEGIN[0m
  ↳ bin/rails:9
  [1m[35m (5.5ms)[0m  [1m[35mCREATE TABLE "challenges" ("id" bigserial primary key, "challenger_id" bigint, "challengee_id" bigint, "score" character varying, "winner" character varying, "loser" character varying, "location" character varying, "status" character varying, "proposed_time_slots" character varying, "date" date, "created_at" timestamp NOT NULL, "updated_at" timestamp NOT NULL)[0m
  ↳ db/migrate/20190528094354_create_challenges.rb:3
  [1m[35m (1.2ms)[0m  [1m[35mCREATE  INDEX  "index_challenges_on_challenger_id" ON "challenges"  ("challenger_id")[0m
  ↳ db/migrate/20190528094354_create_challenges.rb:3
  [1m[35m (1.3ms)[0m  [1m[35mCREATE  INDEX  "index_challenges_on_challengee_id" ON "challenges"  ("challengee_id")[0m
  ↳ db/migrate/20190528094354_create_challenges.rb:3
  [1m[35m (4.2ms)[0m  [1m[35mALTER TABLE "challenges" ADD CONSTRAINT "fk_rails_0d308e1ffd"
FOREIGN KEY ("challenger_id")
  REFERENCES "users" ("id")
[0m
  ↳ db/migrate/20190528094354_create_challenges.rb:17
  [1m[35m (1.3ms)[0m  [1m[35mALTER TABLE "challenges" ADD CONSTRAINT "fk_rails_5c081b05d0"
FOREIGN KEY ("challengee_id")
  REFERENCES "users" ("id")
[0m
  ↳ db/migrate/20190528094354_create_challenges.rb:18
  [1m[36mActiveRecord::SchemaMigration Create (0.4ms)[0m  [1m[32mINSERT INTO "schema_migrations" ("version") VALUES ($1) RETURNING "version"[0m  [["version", "20190528094354"]]
  ↳ bin/rails:9
  [1m[35m (3.9ms)[0m  [1m[35mCOMMIT[0m
  ↳ bin/rails:9
Migrating to CreateUserReviews (20190528103445)
  [1m[35m (0.7ms)[0m  [1m[35mBEGIN[0m
  ↳ bin/rails:9
  [1m[35m (6.7ms)[0m  [1m[35mCREATE TABLE "user_reviews" ("id" bigserial primary key, "sender_id" bigint, "receiver_id" bigint, "challenge_id" bigint, "serve" integer, "return" integer, "backhand" integer, "volley" integer, "speed" integer, "power" integer, "endurance" integer, "thumb" boolean, "forehand" integer, "content" text, "created_at" timestamp NOT NULL, "updated_at" timestamp NOT NULL)[0m
  ↳ db/migrate/20190528103445_create_user_reviews.rb:3
  [1m[35m (1.2ms)[0m  [1m[35mCREATE  INDEX  "index_user_reviews_on_sender_id" ON "user_reviews"  ("sender_id")[0m
  ↳ db/migrate/20190528103445_create_user_reviews.rb:3
  [1m[35m (3.1ms)[0m  [1m[35mCREATE  INDEX  "index_user_reviews_on_receiver_id" ON "user_reviews"  ("receiver_id")[0m
  ↳ db/migrate/20190528103445_create_user_reviews.rb:3
  [1m[35m (3.1ms)[0m  [1m[35mCREATE  INDEX  "index_user_reviews_on_challenge_id" ON "user_reviews"  ("challenge_id")[0m
  ↳ db/migrate/20190528103445_create_user_reviews.rb:3
  [1m[35m (2.0ms)[0m  [1m[35mALTER TABLE "user_reviews" ADD CONSTRAINT "fk_rails_fcc30594a5"
FOREIGN KEY ("sender_id")
  REFERENCES "users" ("id")
[0m
  ↳ db/migrate/20190528103445_create_user_reviews.rb:20
  [1m[35m (1.3ms)[0m  [1m[35mALTER TABLE "user_reviews" ADD CONSTRAINT "fk_rails_b07006a7cc"
FOREIGN KEY ("receiver_id")
  REFERENCES "users" ("id")
[0m
  ↳ db/migrate/20190528103445_create_user_reviews.rb:21
  [1m[35m (2.4ms)[0m  [1m[35mALTER TABLE "user_reviews" ADD CONSTRAINT "fk_rails_54dc3f743d"
FOREIGN KEY ("challenge_id")
  REFERENCES "challenges" ("id")
[0m
  ↳ db/migrate/20190528103445_create_user_reviews.rb:22
  [1m[36mActiveRecord::SchemaMigration Create (0.4ms)[0m  [1m[32mINSERT INTO "schema_migrations" ("version") VALUES ($1) RETURNING "version"[0m  [["version", "20190528103445"]]
  ↳ bin/rails:9
  [1m[35m (0.5ms)[0m  [1m[35mCOMMIT[0m
  ↳ bin/rails:9
Migrating to CreateComputedSkillsSets (20190528110613)
  [1m[35m (0.5ms)[0m  [1m[35mBEGIN[0m
  ↳ bin/rails:9
  [1m[35m (6.6ms)[0m  [1m[35mCREATE TABLE "computed_skills_sets" ("id" bigserial primary key, "user_id" bigint, "serve" float DEFAULT 5.0, "return" float DEFAULT 5.0, "backhand" float DEFAULT 5.0, "forehand" float DEFAULT 5.0, "volley" float DEFAULT 5.0, "speed" float DEFAULT 5.0, "power" float DEFAULT 5.0, "endurance" float DEFAULT 5.0, "created_at" timestamp NOT NULL, "updated_at" timestamp NOT NULL, CONSTRAINT "fk_rails_3721efc65d"
FOREIGN KEY ("user_id")
  REFERENCES "users" ("id")
)[0m
  ↳ db/migrate/20190528110613_create_computed_skills_sets.rb:3
  [1m[35m (1.5ms)[0m  [1m[35mCREATE  INDEX  "index_computed_skills_sets_on_user_id" ON "computed_skills_sets"  ("user_id")[0m
  ↳ db/migrate/20190528110613_create_computed_skills_sets.rb:3
  [1m[36mActiveRecord::SchemaMigration Create (0.3ms)[0m  [1m[32mINSERT INTO "schema_migrations" ("version") VALUES ($1) RETURNING "version"[0m  [["version", "20190528110613"]]
  ↳ bin/rails:9
  [1m[35m (0.6ms)[0m  [1m[35mCOMMIT[0m
  ↳ bin/rails:9
Migrating to CreateClubs (20190528123242)
  [1m[35m (0.4ms)[0m  [1m[35mBEGIN[0m
  ↳ bin/rails:9
  [1m[35m (5.2ms)[0m  [1m[35mCREATE TABLE "clubs" ("id" bigserial primary key, "name" character varying, "created_at" timestamp NOT NULL, "updated_at" timestamp NOT NULL)[0m
  ↳ db/migrate/20190528123242_create_clubs.rb:3
  [1m[36mActiveRecord::SchemaMigration Create (0.4ms)[0m  [1m[32mINSERT INTO "schema_migrations" ("version") VALUES ($1) RETURNING "version"[0m  [["version", "20190528123242"]]
  ↳ bin/rails:9
  [1m[35m (0.5ms)[0m  [1m[35mCOMMIT[0m
  ↳ bin/rails:9
Migrating to AddClubToUsers (20190528124225)
  [1m[35m (0.6ms)[0m  [1m[35mBEGIN[0m
  ↳ bin/rails:9
  [1m[35m (0.5ms)[0m  [1m[35mALTER TABLE "users" ADD "club_id" bigint[0m
  ↳ db/migrate/20190528124225_add_club_to_users.rb:3
  [1m[35m (1.6ms)[0m  [1m[35mCREATE  INDEX  "index_users_on_club_id" ON "users"  ("club_id")[0m
  ↳ db/migrate/20190528124225_add_club_to_users.rb:3
  [1m[35m (1.2ms)[0m  [1m[35mALTER TABLE "users" ADD CONSTRAINT "fk_rails_8423e35be7"
FOREIGN KEY ("club_id")
  REFERENCES "clubs" ("id")
[0m
  ↳ db/migrate/20190528124225_add_club_to_users.rb:3
  [1m[36mActiveRecord::SchemaMigration Create (0.3ms)[0m  [1m[32mINSERT INTO "schema_migrations" ("version") VALUES ($1) RETURNING "version"[0m  [["version", "20190528124225"]]
  ↳ bin/rails:9
  [1m[35m (0.4ms)[0m  [1m[35mCOMMIT[0m
  ↳ bin/rails:9
Migrating to CreateTags (20190528131937)
  [1m[35m (0.2ms)[0m  [1m[35mBEGIN[0m
  ↳ bin/rails:9
  [1m[35m (3.9ms)[0m  [1m[35mCREATE TABLE "tags" ("id" bigserial primary key, "content" character varying, "kind" character varying, "created_at" timestamp NOT NULL, "updated_at" timestamp NOT NULL)[0m
  ↳ db/migrate/20190528131937_create_tags.rb:3
  [1m[36mActiveRecord::SchemaMigration Create (0.3ms)[0m  [1m[32mINSERT INTO "schema_migrations" ("version") VALUES ($1) RETURNING "version"[0m  [["version", "20190528131937"]]
  ↳ bin/rails:9
  [1m[35m (0.5ms)[0m  [1m[35mCOMMIT[0m
  ↳ bin/rails:9
Migrating to CreateUserTags (20190528132154)
  [1m[35m (0.3ms)[0m  [1m[35mBEGIN[0m
  ↳ bin/rails:9
  [1m[35m (4.2ms)[0m  [1m[35mCREATE TABLE "user_tags" ("id" bigserial primary key, "users_id" bigint, "tags_id" bigint, "created_at" timestamp NOT NULL, "updated_at" timestamp NOT NULL, CONSTRAINT "fk_rails_7cbc6af41c"
FOREIGN KEY ("users_id")
  REFERENCES "users" ("id")
, CONSTRAINT "fk_rails_07cf177166"
FOREIGN KEY ("tags_id")
  REFERENCES "tags" ("id")
)[0m
  ↳ db/migrate/20190528132154_create_user_tags.rb:3
  [1m[35m (1.4ms)[0m  [1m[35mCREATE  INDEX  "index_user_tags_on_users_id" ON "user_tags"  ("users_id")[0m
  ↳ db/migrate/20190528132154_create_user_tags.rb:3
  [1m[35m (1.3ms)[0m  [1m[35mCREATE  INDEX  "index_user_tags_on_tags_id" ON "user_tags"  ("tags_id")[0m
  ↳ db/migrate/20190528132154_create_user_tags.rb:3
  [1m[36mActiveRecord::SchemaMigration Create (0.4ms)[0m  [1m[32mINSERT INTO "schema_migrations" ("version") VALUES ($1) RETURNING "version"[0m  [["version", "20190528132154"]]
  ↳ bin/rails:9
  [1m[35m (0.7ms)[0m  [1m[35mCOMMIT[0m
  ↳ bin/rails:9
Migrating to ChangeColumnInUsers (20190529150024)
  [1m[35m (0.4ms)[0m  [1m[35mBEGIN[0m
  ↳ bin/rails:9
  [1m[35m (4.0ms)[0m  [1m[35mALTER TABLE "users" RENAME COLUMN "nationality" TO "country"[0m
  ↳ db/migrate/20190529150024_change_column_in_users.rb:3
  [1m[36mActiveRecord::SchemaMigration Create (0.4ms)[0m  [1m[32mINSERT INTO "schema_migrations" ("version") VALUES ($1) RETURNING "version"[0m  [["version", "20190529150024"]]
  ↳ bin/rails:9
  [1m[35m (0.5ms)[0m  [1m[35mCOMMIT[0m
  ↳ bin/rails:9
Migrating to AddReviewScoreToUsers (20190529150237)
  [1m[35m (0.3ms)[0m  [1m[35mBEGIN[0m
  ↳ bin/rails:9
  [1m[35m (0.5ms)[0m  [1m[35mALTER TABLE "users" ADD "review_score" integer[0m
  ↳ db/migrate/20190529150237_add_review_score_to_users.rb:3
  [1m[36mActiveRecord::SchemaMigration Create (0.3ms)[0m  [1m[32mINSERT INTO "schema_migrations" ("version") VALUES ($1) RETURNING "version"[0m  [["version", "20190529150237"]]
  ↳ bin/rails:9
  [1m[35m (1.5ms)[0m  [1m[35mCOMMIT[0m
  ↳ bin/rails:9
  [1m[36mActiveRecord::InternalMetadata Load (0.4ms)[0m  [1m[34mSELECT  "ar_internal_metadata".* FROM "ar_internal_metadata" WHERE "ar_internal_metadata"."key" = $1 LIMIT $2[0m  [["key", "environment"], ["LIMIT", 1]]
  ↳ bin/rails:9
  [1m[35m (0.2ms)[0m  [1m[35mBEGIN[0m
  ↳ bin/rails:9
  [1m[36mActiveRecord::InternalMetadata Create (1.3ms)[0m  [1m[32mINSERT INTO "ar_internal_metadata" ("key", "value", "created_at", "updated_at") VALUES ($1, $2, $3, $4) RETURNING "key"[0m  [["key", "environment"], ["value", "development"], ["created_at", "2019-06-03 07:38:54.639497"], ["updated_at", "2019-06-03 07:38:54.639497"]]
  ↳ bin/rails:9
  [1m[35m (0.5ms)[0m  [1m[35mCOMMIT[0m
  ↳ bin/rails:9
  [1m[35m (0.2ms)[0m  [1m[34mSELECT pg_advisory_unlock(2220887829087922155)[0m
  ↳ bin/rails:9
  [1m[35m (0.2ms)[0m  [1m[34mSELECT "schema_migrations"."version" FROM "schema_migrations" ORDER BY "schema_migrations"."version" ASC[0m
  ↳ bin/rails:9
  [1m[35m (0.2ms)[0m  [1m[34mSELECT "schema_migrations"."version" FROM "schema_migrations" ORDER BY "schema_migrations"."version" ASC[0m
  ↳ bin/rails:9
  [1m[36mUser Load (0.6ms)[0m  [1m[34mSELECT "users".* FROM "users"[0m
  ↳ db/seeds.rb:10
  [1m[35m (0.2ms)[0m  [1m[35mBEGIN[0m
  ↳ db/seeds.rb:41
  [1m[36mUser Exists (0.4ms)[0m  [1m[34mSELECT  1 AS one FROM "users" WHERE "users"."email" = $1 LIMIT $2[0m  [["email", "dannieernser@sanford.co"], ["LIMIT", 1]]
  ↳ db/seeds.rb:41
  [1m[36mUser Create (0.8ms)[0m  [1m[32mINSERT INTO "users" ("email", "encrypted_password", "created_at", "updated_at", "first_name", "last_name", "phone_number", "level", "bio", "address", "place_of_birth", "user_name", "style_of_play", "gender", "country", "picture", "ranking", "height", "weight", "latitude", "longitude", "birthday", "points", "handedness", "backhand_style") VALUES ($1, $2, $3, $4, $5, $6, $7, $8, $9, $10, $11, $12, $13, $14, $15, $16, $17, $18, $19, $20, $21, $22, $23, $24, $25) RETURNING "id"[0m  [["email", "dannieernser@sanford.co"], ["encrypted_password", "$2a$11$D7tsYFvPH1RE7wRwaIEHMeQNxdHxpH65zOESzNZKCRkTsAd0gWCH."], ["created_at", "2019-06-03 07:38:55.295671"], ["updated_at", "2019-06-03 07:38:55.295671"], ["first_name", "Aja"], ["last_name", "Cummings"], ["phone_number", "792676730751"], ["level", "beginner"], ["bio", "Minima ea et quis sint impedit eligendi autem voluptatem repellendus modi quia velit enim nostrum."], ["address", "Barcelona"], ["place_of_birth", "East Antione, Mauritius"], ["user_name", "@sunt"], ["style_of_play", "server-volleyer"], ["gender", "Male"], ["country", "Faroe Islands"], ["picture", "qhjmnpmra6ldeseibu5g.jpg"], ["ranking", 382], ["height", 160], ["weight", 50], ["latitude", -9], ["longitude", -168], ["birthday", "1990-09-11"], ["points", 1455.0], ["handedness", "righty"], ["backhand_style", "two handed backhand"]]
  ↳ db/seeds.rb:41
  [1m[36mComputedSkillsSet Load (0.4ms)[0m  [1m[34mSELECT  "computed_skills_sets".* FROM "computed_skills_sets" WHERE "computed_skills_sets"."user_id" = $1 LIMIT $2[0m  [["user_id", 1], ["LIMIT", 1]]
  ↳ app/models/user.rb:48
  [1m[36mComputedSkillsSet Create (1.0ms)[0m  [1m[32mINSERT INTO "computed_skills_sets" ("user_id", "created_at", "updated_at") VALUES ($1, $2, $3) RETURNING "id"[0m  [["user_id", 1], ["created_at", "2019-06-03 07:38:55.329258"], ["updated_at", "2019-06-03 07:38:55.329258"]]
  ↳ app/models/user.rb:48
  [1m[35m (4.0ms)[0m  [1m[31mROLLBACK[0m
  ↳ db/seeds.rb:41
